<?xml version="1.0" encoding="UTF-8"?>
<!-- Generated by org.testng.reporters.JUnitReportReporter -->
<testsuite hostname="prabhudasrajagoni999" failures="0" tests="2" name="testng.TestClass2" time="0.010" errors="0" timestamp="2023-10-13T14:56:30 IST" skipped="0">
  <testcase classname="testng.TestClass2" name="demo2" time="0.001"/>
  <system-out/>
  <testcase classname="testng.TestClass2" name="demo1" time="0.009"/>
  <system-out/>
</testsuite> <!-- testng.TestClass2 -->
