<?xml version="1.0" encoding="UTF-8"?>
<!-- Generated by org.testng.reporters.JUnitReportReporter -->
<testsuite hostname="prabhudasrajagoni999" failures="0" tests="2" name="testng.DisableTests" time="0.011" errors="0" timestamp="2023-10-13T13:22:32 IST" skipped="1">
  <testcase classname="testng.DisableTests" name="demo1" time="0.011"/>
  <system-out/>
  <testcase classname="testng.DisableTests" name="demo2">
    <skipped/>
  </testcase> <!-- demo2 -->
  <system-out/>
</testsuite> <!-- testng.DisableTests -->
