<?xml version="1.0" encoding="UTF-8"?>
<!-- Generated by org.testng.reporters.JUnitReportReporter -->
<testsuite hostname="prabhudasrajagoni999" failures="0" tests="2" name="DistributedParallel.Test1" time="0.013" errors="0" timestamp="2023-10-14T14:57:28 IST" skipped="0">
  <testcase classname="DistributedParallel.Test1" name="demo1" time="0.012"/>
  <system-out/>
  <testcase classname="DistributedParallel.Test1" name="demo2" time="0.001"/>
  <system-out/>
</testsuite> <!-- DistributedParallel.Test1 -->
