<?xml version="1.0" encoding="UTF-8"?>
<!-- Generated by org.testng.reporters.JUnitReportReporter -->
<testsuite hostname="prabhudasrajagoni999" failures="0" tests="2" name="testng.TestClass1" time="0.005" errors="0" timestamp="2023-10-13T14:56:30 IST" skipped="0">
  <testcase classname="testng.TestClass1" name="demo1" time="0.003"/>
  <system-out/>
  <testcase classname="testng.TestClass1" name="demo2" time="0.002"/>
  <system-out/>
</testsuite> <!-- testng.TestClass1 -->
