<?xml version="1.0" encoding="UTF-8"?>
<!-- Generated by org.testng.reporters.JUnitReportReporter -->
<testsuite hostname="prabhudasrajagoni999" failures="0" tests="1" name="assertions.WhyNotIfElse" time="0.008" errors="0" timestamp="2023-10-17T13:46:37 IST" skipped="0">
  <testcase classname="assertions.WhyNotIfElse" name="demo" time="0.008"/>
  <system-out/>
</testsuite> <!-- assertions.WhyNotIfElse -->
