<?xml version="1.0" encoding="UTF-8"?>
<!-- Generated by org.testng.reporters.JUnitReportReporter -->
<testsuite hostname="prabhudasrajagoni999" failures="0" tests="1" name="testng.TestClass$testclass" time="0.010" errors="0" timestamp="2023-10-13T14:41:43 IST" skipped="0">
  <testcase classname="testng.TestClass$testclass" name="test" time="0.010"/>
  <system-out/>
</testsuite> <!-- testng.TestClass$testclass -->
