<?xml version="1.0" encoding="UTF-8"?>
<!-- Generated by org.testng.reporters.JUnitReportReporter -->
<testsuite hostname="prabhudasrajagoni999" failures="0" tests="1" name="Listeners.TestClass4" time="0.009" errors="0" timestamp="2023-10-18T14:28:42 IST" skipped="0">
  <testcase classname="Listeners.TestClass4" name="test0" time="0.009"/>
  <system-out/>
</testsuite> <!-- Listeners.TestClass4 -->
