<?xml version="1.0" encoding="UTF-8"?>
<!-- Generated by org.testng.reporters.JUnitReportReporter -->
<testsuite hostname="prabhudasrajagoni999" failures="0" tests="3" name="testng.invocationCountTest" time="0.007" errors="0" timestamp="2023-10-12T14:03:54 IST" skipped="0">
  <testcase classname="testng.invocationCountTest" name="demo1" time="0.007"/>
  <system-out/>
  <testcase classname="testng.invocationCountTest" name="demo2" time="0.000"/>
  <system-out/>
  <testcase classname="testng.invocationCountTest" name="demo1" time="0.000"/>
  <system-out/>
</testsuite> <!-- testng.invocationCountTest -->
